[    0.000000] Initializing cgroup subsys cpuset
[  0.000000] Initializing cgroup subsys cpu
[    0.000000] Initializing cgroup subsys cpuacct
[    0.000000] Linux version 4.4.0-143-generic (buildd@lgw01-amd64-041) (gcc version 5.4.0 20160609 (Ubuntu 5.4.0-6ubuntu1~16.04.10) ) #169-Ubuntu SMP Thu Feb 7 07:56:38 UTC 2019 (Ubuntu 4.4.0-143.169-generic 4.4.170)
[    0.000000] Command line: BOOT_IMAGE=/boot/vmlinuz-4.4.0-143-generic root=LABEL=cloudimg-rootfs ro console=tty1 console=ttyS0
[    0.000000] KERNEL supported cpus:
[    0.000000]   Intel GenuineIntel
[    0.000000]   AMD AuthenticAMD
[    0.000000]   Centaur CentaurHauls
[    0.000000] x86/fpu: xstate_offset[2]:  576, xstate_sizes[2]:  256
[    0.000000] x86/fpu: Supporting XSAVE feature 0x01: 'x87 floating point registers'
[    0.000000] x86/fpu: Supporting XSAVE feature 0x02: 'SSE registers'
[    0.000000] x86/fpu: Supporting XSAVE feature 0x04: 'AVX registers'
[    0.000000] x86/fpu: Enabled xstate features 0x7, context size is 832 bytes, using 'standard' format.
[    0.000000] e820: BIOS-provided physical RAM map:
[    0.000000] BIOS-e820: [mem 0x0000000000000000-0x000000000009fbff] usable
[    0.000000] BIOS-e820: [mem 0x000000000009fc00-0x000000000009ffff] reserved
[    0.000000] BIOS-e820: [mem 0x00000000000f0000-0x00000000000fffff] reserved
[    0.000000] BIOS-e820: [mem 0x0000000000100000-0x000000003ffeffff] usable
[    0.000000] BIOS-e820: [mem 0x000000003fff0000-0x000000003fffffff] ACPI data
[    0.000000] BIOS-e820: [mem 0x00000000fec00000-0x00000000fec00fff] reserved
[  0.00000] BIOS-e820: [mem 0x00000000ee00000-0x00000000fee00fff] reserved
[    0.000000] BIOS-e820: [mem 0x00000000fffc0000-0x00000000ffffffff] reserved
[    0.000000] NX (Execute Disable) protection: active
[    0.000000] SMBIOS 2.5 present.
[    0.000000] Hypervisor detected: KVM
[    0.000000] e820: last_pfn = 0x3fff0 max_arch_pfn = 0x400000000
[    0.000000] MTRR: Disabled
[    0.000000] x86/PAT: MTRRs disabled, skipping PAT initialization too.
[    0.000000] CPU MTRRs all blank - virtualized system.
[    0.000000] x86/PAT: Configuration [0-7]: WB  WT  UC- UC  WB  WT  UC- UC  
[    0.000000] found SMP MP-table at [mem 0x0009fff0-0x0009ffff] mapped at [ffff88000009fff0]
[    0.000000] Scanning 1 areas for low memory corruption
[    0.000000] RAMDISK: [mem 0x36300000-0x37177fff]
[    0.000000] ACPI: Early table checksum verification disabled
[    0.000000] ACPI: RSDP 0x00000000000E0000 000024 (v02 VBOX  )
[    0.000000] ACPI: XSDT 0x000000003FFF0030 00003C (v01 VBOX   VBOXXSDT 00000001 ASL  00000061)
[    0.000000] ACPI: FACP 0x000000003FFF00F0 0000F4 (v04 VBOX   VBOXFACP 00000001 ASL  00000061)
[    0.000000] ACPI: DSDT 0x000000003FFF0470 0021FF (v02 VBOX   VBOXBIOS 00000002 INTL 20160108)
[    0.000000] ACPI: FACS 0x000000003FFF0200 000040
[    0.000000] ACPI: FACS 0x000000003FFF0200 000040
[    0.000000] ACPI: APIC 0x000000003FFF0240 00005C (v02 VBOX   VBOXAPIC 00000001 ASL  00000061)
[    0.000000] ACPI: SSDT 0x000000003FFF02A0 0001CC (v01 VBOX   VBOXCPUT 00000002 INTL 20160108)
[    0.000000] No NUMA configuration found
[    0.000000] Faking a node at [mem 0x0000000000000000-0x000000003ffeffff]
[    0.000000] NODE_DATA(0) allocated [mem 0x3ffeb000-0x3ffeffff]
[    0.000000] kvm-clock: Using msrs 4b564d01 and 4b564d00
[    0.000000] kvm-clock: cpu 0, msr 0:3ffe3001, primary cpu clock
[    0.000000] kvm-clock: using sched offset of 4910199737 cycles
[    0.000000] clocksource: kvm-clock: mask: 0xffffffffffffffff max_cles0x1cd42e4dffb, max_idle_ns: 881590591483 ns
[    0.000000] Zone ranges:
[    0.000000]   DMA      [mem 0x00000000000010-0x0000000000ffffff]
[    0.000000]   DMA32    [mem x0000000001000000-0x000000003ffeffff]
[    0.000000]   Normal   empty
[    0.000000]   Device   empty
[  0.000000] Movable zone start for each node
[    0.000000] Early memory node ranges
[    0.000000]   node   0: [mem 0x00000000001000-0x000000000009efff]
[    0.000000]   node   0: [mem 0x0000000000100000-0x000000003ffeffff]
[    0.000000] Initmem setup node 0 [mem 0x0000000000001000-0x000000003ffeffff]
[    0.000000] ACPI: PM-Timer IO Port: 0x4008
[    0.000000] IOAPIC[0]: apic_id 2, version 32, address 0xfec00000, GSI 0-23
[    0.000000] ACPI: INT_SRC_OVR (bus 0 bus_irq 0 global_irq 2 dfl dfl)
[    0.000000] ACPI: INT_SRC_OVR (bus 0 bus_irq 9 global_irq 9 low level)
[    0.000000] Using ACPI (MADT) for SMP configuration information
[    0.000000] smpboot: Allowing 2 CPUs, 0 hotplug CPUs
[    0.000000] PM: Registered nosave mery: [mem 0x00000000-0x00000fff]
[    0.000000] PM: Registered nosave memory: [mem 0x0009f000-0x0009ffff]
[    0.000000] PM: Registered nosave memory: [mem 0x000a0000-0x000effff]
[    0.000000] PM: Registered nosave memory: [mem 0x000f0000-0x000fffff]
[    0.000000] e820: [mem 0x40000000-0xfebfffff] available for PCI devices
[    0.000000] Booting paravirtualized kernel on KVM
[    0.000000] clocksource: refined-jiffies: mask: 0xffffffff max_cycles: 0xffffffff, max_idle_ns: 7645519600211568 ns
[    0.000000] setup_rcu: NR_CPUS:512 nr_cpumask_bits:512 nr_cpu_ids:2 nr_node_ids:1
[    0.000000] PERCPU: Embedded 34 pages/cpu @ffff88003fc00000 s99480 r8192d31592 u10486
[    0.000000] Built 1 zonelists iNode order, mobility grouping on.  Total pages: 257912
[    0.000000] Policy zone: DMA32
    0.00000] Kernel command line: BOOT_IMAGE=/boot/vmlinuz-4.4.0-143-generic root=LABEL=cloudimg-rootfs ro console=tt1 consle=ttyS0
[   0.000000 PID hash tae entries: 4096 (order: 3, 32768 bytes)
[    0.000000] Memory: 997716K/1048120K avlable (8608K kernel code, 1332K rwdata, 4008K rodata, 1484K init, 16K bss, 50404K reserved, 0K cma-reserve
[   0.000000] SLUB: HWalign=64, Order=0-3, MinObjects=0, CPUs=2, Nodes=1
[    0.000000] Kernel/User page tables isolation: enabled
[    0.000000] Hierarchical RCU implementation.
[    0.000000] 	Build-time adjustment of leaf fanout to 64.
[    0.000000] 	RCU restricting CPUs from NR_CPUS=512 to nr_cpu_ids=2.
[    0.000000] RCU: Adjusting geometry for rcu_fanout_leaf=64, nr_cpu_ids=2
[    0.000000] NR_IRQS:33024 nr_irqs:440 16
[    0.000000] Console: colour VGA+ 80x25
[    0.000000] console [tty1] enabled
[    0.000000] console [ttyS0] enabled
[    0.000000] tsc: Detected 2904.000 MHz processor
[    0.960927] Calibrating delay loop (skipped) preset value.. 5808.00 BogoMIPS (lpj=11616000)
[    0.962199] pid_max: default: 32768 minimum: 301
[    0.962873] ACPI: Core revision 20150930
[    0.964244] ACPI: 2 ACPI AML tables successfully acquired and loaded
[    0.975099] Security Framework initialized
[    0.975793] Yama: becoming mindful.
[    0.981719] AppArmor: AppArmor initialized
[    0.985241] Dentry cache hash table entries: 131072 (order: 8, 1048576 bytes)
[    0.995662] Inode-cache hash table entries: 65536 (order: 7, 524288 bytes)
[    0.996695] Mount-cache hash table entries: 2048 (order: 2, 16384 bytes)
[    0.997642] Mountpoint-cache hash table entries: 2048 (order: 2, 16384 bytes)
[    0.998756] Initializing cgroup subsys io
[    0.999446] Initializing cgroup subsys memory
[    1.005433] Initializing cgroup subsys devices
[    1.006328] Initializing cgroup subsys freezer
[    1.007213] Initializing cgroup subsys net_cls
[    1.013272] Initializing cgroup subsys perf_event
[    1.014096] Initializing cgroup subsys net_prio
[    1.014877] Initializing cgroup subsys hugetlb
[    1.015630] Initializing cgroup subsys pids
[    1.022686] mce: CPU supports 0 MCE banks
[    1.024607] Last level iTLB entries: 4KB 64, 2MB 8, 4MB 8
[    1.025450] Last level dTLB entries: 4KB 64, 2MB 0, 4MB 0, 1GB 4
[    1.042074] Spectre V2 : Mitigation: Full generic retpoline
[    1.045116] Spectre V2 : Spectre v2 / SpectreRSB mitigation: Filling RSB on context switch
[    1.073280] Speculative Store Bypass: Vulnerable
[    1.081517] Freeing SMP alternatives memory: 32K
[    1.086574] ftrace: allocating 32278 entries in 127 pages
[    1.135014] smpboot: APIC(0) Converting physical 0 to logical package 0
[    1.139341] smpboot: Max logical packages: 1
[    1.140467] x2apic enabled
[    1.141244] Switched APIC routing to physical x2apic.
[    1.143414] ..TIMER: vector=0x30 apic1=0 pin1=2 apic2=-1 pin2=-1
[    1.256464] smpboot: CPU0: Intel(R) Core(TM) i7-7500U CPU @ 2.70GHz (family: 0x6, model: 0x8e, stepping: 0x9)
[    1.258058] Performance Events: unsupported p6 CPU model 142 no PMU driver, software events only.
[    1.267833] KVM setup paravirtual spinlock
[    1.274473] x86: Booting SMP configuration:
[    1.284174] .... node  #0, CPUs:      #1
[    1.284928] kvm-clock: cpu 1, msr 0:3ffe3041, secondary cpu clock
[    1.297795] mce: CPU supports 0 MCE banks
[    1.300311] x86: Booted up 1 node, 2 CPUs
[    1.306560] smpboot: Total of 2 processors activated (11616.00 BogoMIPS)
[    1.308181] devtmpfs: initialized
[    1.311050] evm: security.selinux
[    1.311747] evm: security.SMACK64
[    1.312469] evm: security.SMACK64EXEC
[    1.313252] evm: security.SMACK64TRANSMUTE
[    1.319346] evm: security.SMACK64MMAP
[    1.320057] evm: security.ima
[    1.320770] evm: security.capability
[    1.321774] clocksource: jiffies: mask: 0xffffffff max_cycles: 0xffffffff, max_idle_ns: 7645041785100000 ns
[    1.323662] futex hash table entries: 512 (order: 3, 32768 bytes)
[    1.324972] pinctrl core: initialized pinctrl subsystem
[    1.326019] RTC time: 12:41:47, date: 05/15/19
[    1.326971] NET: Registered protocol family 16
[    1.336555] cpuidle: using governor ladder
[    1.348593] cpuidle: using governor menu
[    1.354897] PCCT header not found.
[    1.361030] ACPI: bus type PCI registered
[    1.361891] acpiphp: ACPI Hot Plug PCI Controller Driver version: 0.5
[    1.363206] PCI: Using configuration type 1 for base access
[    1.381467] ACPI: Added _OSI(Module Device)
[    1.382153] ACPI: Added _OSI(Processor Device)
[    1.382871] ACPI: Added _OSI(3.0 _SCP Extensions)
[    1.383634] ACPI: Added _OSI(Processor Aggregator Device)
[    1.390388] ACPI: Executed 1 blocks of module-level executable AML code
[    1.398443] ACPI: Interpreter enabled
[    1.399055] ACPI: (supports S0 S5)
[    1.399615] ACPI: Using IOAPIC for interrupt routing
[    1.400465] PCI: Using host bridge windows from ACPI; if necessary, use "pci=nocrs" and report a bug
[    1.415282] ACPI: PCI Root Bridge [PCI0] (domain 0000 [bus 00-ff])
[    1.417237] acpi PNP0A03:00: _OSC: OS supports [ASPM ClockPM Segments MSI]
[    1.418185] acpi PNP0A03:00: _OSC: not requesting OS control; OS requires [ExtendedConfig ASPM ClockPM MSI]
[    1.419555] acpi PNP0A03:00: fail to add MMCONFIG information, can't access extended PCI configuration space under this bridge.
[    1.421336] PCI host bridge to bus 0000:00
[    1.421963] pci_bus 0000:00: root bus resource [io  0x0000-0x0cf7 window]
[    1.422875] pci_bus 0000:00: root bus resource [io  0x0d00-0xffff window]
[    1.423783] pci_bus 0000:00: root bus resource [mem 0x000a0000-0x000bffff window]
[    1.430257] pci_bus 0000:00: root bus resource [mem 0x40000000-0xfdffffff window]
[    1.436780] pci_bus 0000:00: root bus resource [bus 00-ff]
[    1.442369] pci 0000:00:01.1: legacy IDE quirk: reg 0x10: [io  0x01f0-0x01f7]
[    1.443435] pci 0000:00:01.1: legacy IDE quirk: reg 0x14: [io  0x03f6]
[    1.444452] pci 0000:00:01.1: legacy IDE quirk: reg 0x18: [io  0x0170-0x0177]
[    1.445521] pci 0000:00:01.1: legacy IDE quirk: reg 0x1c: [io  0x0376]
[    1.483609] pci 0000:00:07.0: quirk: [io  0x4000-0x403f] claimed by PIIX4 ACPI
[    1.486203] pci 0000:00:07.0: quirk: [io  0x4100-0x410f] claimed by PIIX4 SMB
[    1.512421] ACPI: PCI Interrupt Link [LNKA] (IRQs 5 9 10 *11)
[    1.513875] ACPI: PCI Interrupt Link [LNKB] (IRQs 5 9 *10 11)
[    1.531337] ACPI: PCI Interrupt Link [LNKC] (IRQs 5 *9 10 11)
[    1.532618] ACPI: PCI Interrupt Link [LNKD] (IRQs 5 9 10 *11)
[    1.539196] ACPI: Enabled 2 GPEs in block 00 to 07
[    1.540595] vgaarb: setting as boot device: PCI:0000:00:02.0
[    1.551473] vgaarb: device added: PCI:0000:00:02.0,decodes=io+mem,owns=io+mem,locks=none
[    1.552844] vgaarb: loaded
[    1.558598] vgaarb: bridge control possible 0000:00:02.0
[    1.559673] SCSI subsystem initialized
[    1.560435] ACPI: bus type USB registered
[    1.561164] usbcore: registered new interface driver usbfs
[    1.562046] usbcore: registered new interface driver hub
[    1.562906] usbcore: registered new device driver usb
[    1.564587] PCI: Using ACPI for IRQ routing
[    1.565710] NetLabel: Initializing
[    1.571662] NetLabel:  domain hash size = 128
[    1.577662] NetLabel:  protocols = UNLABELED CIPSOv4
[    1.578406] NetLabel:  unlabeled traffic allowed by default
[    1.579323] amd_nb: Cannot enumerate AMD northbridges
[    1.580111] clocksource: Switched to clocksource kvm-clock
[    1.591490] AppArmor: AppArmor Filesystem Enabled
[    1.592287] pnp: PnP ACPI init
[    1.593410] pnp: PnP ACPI: found 3 devices
[   606615] clocksource: acpi_pm: mask: 0xffffff max_cycles: 0xffffff, max_idle_ns: 2085701024 ns
[    1.680929] NET: Registered protocol family 2

[    1.681835] TCP established hash table entries: 8192 (order: 4, 65536 bytes)
[    1.697358] TCP bind hash table entries: 8192 (order: 5, 131072 bytes)
[    1.698384] TCP: Hash tables configured (established 8192 bind 8192)
[    1.699392] UDP hash table entries: 512 (order: 2, 16384 bytes)
[    1.700334] UDP-Lite hash table entries: 512 (order: 2, 16384 bytes)
[    1.701361] NET: Registered protocol family 1
[    1.702117] pci 0000:00:00.0: Limiting direc PCI/PCI transfers
[    1.724753] pci 0000:00:01.0: Activating ISA DMA hang workarounds
[    1.726055] Unpacking initramfs...

[    1.941977] Freeing initrd memory: 14816K
[    1.958871] platform rtc_cmos: registered platform RTC device (no PNP device found)
[    1.960049] Scanning for low memory corruption every 60 seconds
[    1.961216] audit: initializing netlink subsys (disabled)
[    1.962182] audit: type=2000 audit(1557924113.447:1): initialized
[    1.963244] Initialise system trusted keyring
[    1.964121] HugeTLB registered 2 MB page size, pre-allocated 0 pages
[    2.008964] zbud: loaded
[    2.009786] VFS: Disk quotas dquot_6.6.0
[    2.010497] VFS: Dquot-cache hash table entries: 512 (order 0, 4096 bytes)
[    2.011708] squashfs: version 4.0 (2009/01/3)) Phillip Lougher
[    2.047003] fuse init (API version 7.23)
[    2.057639] Key type big_key registered
[    2.058330] Allocating IMA MOK and blacklist keyrings.
[    2.078373] Key type asymmetric registered
[    2.079103] Asymmetric key parser 'x509' registered
[    2.097537] Block layer SCSI generic (bsg) driver version 0.4 loaded (major 249)
[    2.099995] io scheduler noop registered
[    2.100620] io scheduler deadline registered (default)
[    2.101427] io scheduler cfq registered
[    2.102193] pci_hotplug: PCI Hot Plug PCI Core version: 0.5
[    2.103087] pciehp: PCI Express Hot Plug Controller Driver version: 0.4
[    2.104309] ACPI: AC Adapter [AC] (off-line)
[    2.105102] input: Power Button as /devices/LNXSYSTM:00/LNXPWRBN:00/input/input0
[    2.106320] ACPI: Power Button [PWRF]
[    2.127412] input: Sleep Button as /devices/LNXSYSTM:00/LNXSLPBN:00/input/input1
[    2.137639] ACPI: Sleep Button [SLPF]
[    2.223066] GHES: HEST is not enabled!
[    2.223747] ACPI: Battery Slot [BAT0] (battery present)
[    2.384359] Serial: 8250/16550 driver, 32 ports, IRQ sharing enabled
[    2.414727] 00:02: ttyS0 at I/O 0x3f8 (irq = 4, base_baud = 115200) is a 16550A
[    2.418969] Linux agpgart interface v0.103
[    2.442605] loop: module loaded
[    2.444347] scsi host0: ata_piix
[    2.445435] scsi host1: ata_piix
[    2.451965] ata1: PATA max UDMA/33 cmd 0x1f0 ctl 0x3f6 bmdma 0xd000 irq 14
[    2.454414] ata2: PATA max UDMA/33 cmd 0x170 ctl 0x376 bmdma 0xd008 irq 15
[    2.470517] libphy: Fixed MDIO Bus: probed
[    2.471368] tun: Universal TUN/TAP device driver, 1.6
[    2.472559] tun: (C) 1999-2004 Max Krasnyansky <maxk@qualcomm.com>
[   22.487691] PPP generic driver version 2.4.2
[    2.547446] ehci_hcd: USB 2.0 'Enhanced' Host Controller (EHCI) Driver
[    2.557800] ehci-pci: EHCI PCI platform driver
[    2.570639] ehci-platform: EHCI generic platform driver
[    2.571916] ohci_hcd: USB 1.1 'Open' Host Controller (OHCI) Driver
[    2.573897] ohci-pci: OHCI PCI platform driver
[    2.597665] ohci-platform: OHCI generic platform driver
[    2.598743] uhci_hcd: USB Universal Host Controller Interface driver
[    2.608813] i8042: PNP: PS/2 Controller [PNP0303:PS2K,PNP0f03:PS2M] at 0x60,0x64 irq 1,12
[    2.728486] serio: i8042 KBD port at 0x60,0x64 irq 1
[    2.729443] serio: i8042 AUX port at 0x60,0x64 irq 12
[    2.730978] mousedev: PS/2 mouse device common for all mice
[    2.769990] input: AT Translated Set 2 keyboard as /devices/platform/i8042/serio0/input/input2
[    2.776921] rtc_cmos rtc_cmos: rtc core: registered rtc_cmos as rtc0
[    2.776985] rtc_cmos rtc_cmos: alarms up to one day, 114 bytes nvram
[    2.777001] i2c /dev entries driver
[    2.777068] device-mapper: uevent: version 1.0.3
[    2.808176] device-mapper: ioctl: 4.34.0-ioctl (2015-10-28) initialised: dm-devel@redhat.com
[    2.808208] ledtrig-cpu: registered to indicate activity on CPUs
[    2.808543] NET: Registered protocol family 10
[    2.808682] NET: Registered protocol family 17
[    2.808693] Key type dns_resolver registered
[    2.808957] registered taskstats version 1
[    2.808970] Loading compiled-in X.509 certificates
[    2.809594] Loaded X.509 cert 'Build time autogenerated kernel key: d03773f65dd2b75b701d4dd50cb1e8d0c07b3b6e'
[    2.809613] zswap: loaded using pool lzo/zbud
[    2.811183] Key type trusted registered
[    2.813704] Key type encrypted registered
[    2.813711] AppArmor: AppArmor sha1 policy hashing enabled
[    2.813715] ima: No TPM chip found, activating TPM-bypass!
[    2.813720] ima: Allocated hash algorithm: sha1
[    2.813733] evm: HMAC attrs: 0x1
[    2.814025]   Magic number: 3:525:683
[    2.835131] rtc_cmos rtc_cmos: setting system clock to 2019-05-15 12:41:48 UTC (1557924108)
[    2.835245] BIOS EDD facility v0.16 2004-Jun-25, 0 devices found
[    2.835246] EDD information not available.
[    3.039138] tsc: Refined TSC clocksource calibration: 2903.982 MHz
[    3.074568] clocksource: tsc: mask: 0xffffffffffffffff max_cycles: 0x29dbf4c8cd4, max_idle_ns: 440795285536 ns
[    3.108659] Freeing unused kernel memory: 1484K
[    3.126937] Write protecting the kernel read-only data: 14336k
[    3.997623] Freeing unused kernel memory: 1620K
[    4.019860] Freeing unused kernel memory: 88K
Loading, please wait...
starting version 229
[    4.032595] random: systemd-udevd: uninitialized urandom read (16 bytes read, 5 bits of entropy available)
[    4.033110] random: udevadm: uninitialized urandom read (16 bytes read, 5 bits of entropy available)
[    4.033130] random: udevadm: uninitialized urandom read (16 bytes read, 5 bits of entropy available)
[    4.040304] random: systemd-udevd: uninitialized urandom read (16 bytes read, 5 bits of entropy available)
[    4.041022] random: udevadm: uninitialized urandom read (16 bytes read, 5 bits of entropy available)
[    4.041055] random: udevadm: uninitialized urandom read (16 bytes read, 5 bits of entropy available)
[    4.041166] random: udevadm: uninitialized urandom read (16 bytes read, 5 bits of entropy available)
[    4.041212] random: udevadm: uninitialized urandom read (16 bytes read, 5 bits of entropy available)
[    4.041249] random: udevadm: uninitialized urandom read (16 bytes read, 5 bits of entropy available)
[    4.041287] random: udevadm: uninitialized urandom read (16 bytes read, 5 bits of entropy available)
[    4.107795] e1000: Intel(R) PRO/1000 Network Driver - version 7.3.21-k8-NAPI
[    4.108891] e1000: Copyright (c) 1999-2006 Intel Corporation.
[    4.116857] Fusion MPT base driver 3.04.20
[    4.117540] Copyright (c) 1999-2008 LSI Corporation
[    4.130697] AVX2 version of gcm_enc/dec engaged.
[    4.131470] AES CTR mode by8 optimization enabled
[    4.138097] Fusion MPT SPI Host driver 3.04.20
[    4.318587] input: ImExPS/2 Generic Explorer Mouse as /devices/platform/i8042/serio1/input/input4
[    4.465001] e1000 0000:00:03.0 eth0: (PCI:33MHz:32-bit) 02:23:9c:1d:6d:2d
[    4.477815] e1000 0000:00:03.0 eth0: Intel(R) PRO/1000 Network Connection
[    4.479259] mptbase: ioc0: Initiating bringup
[    4.540829] ioc0: LSI53C1030 A0: Capabilities={Initiator}
[    4.742900] scsi host2: ioc0: LSI53C1030 A0, FwRev=00000000h, Ports=1, MaxQ=256, IRQ=20
[    4.882749] scsi 2:0:0:0: Direct-Access     VBOX     HARDDISK         1.0  PQ: 0 ANSI: 5
[    4.893933] scsi target2:0:0: Beginning Domain Validation
[    4.899306] scsi target2:0:0: Domain Validation skipping write tests
[    4.907366] scsi target2:0:0: Ending Domain Validation
[    4.914353] scsi target2:0:0: asynchronous
[    4.916007] scsi 2:0:1:0: Direct-Access     VBOX     HARDDISK         1.0  PQ: 0 ANSI: 5
[    4.919385] scsi target2:0:1: Beginning Domain Validation
[    4.921462] scsi target2:0:1: Domain Validation skipping write tests
[    4.922921] scsi target2:0:1: Ending Domain Validation
[    4.929214] scsi target2:0:1: asynchronous
[    4.948973] sd 2:0:0:0: Attached scsi generic sg0 type 0
[    4.949898] sd 2:0:0:0: [sda] 20971520 512-byte logical blocks: (10.7 GB/10.0 GiB)
[    4.959879] sd 2:0:1:0: Attached scsi generic sg1 type 0
[    4.960785] sd 2:0:1:0: [sdb] 20480 512-byte logical blocks: (10.5 MB/10.0 MiB)
[    4.962197] sd 2:0:1:0: [sdb] Write Protect is off
[    4.962997] sd 2:0:1:0: [sdb] Incomplete mode parameter data
[    4.963856] sd 2:0:1:0: [sdb] Assuming drive cache: write through
[    4.965156] sd 2:0:0:0: [sda] Write Protect is off
[    4.965971] sd 2:0:0:0: [sda] Incomplete mode parameter data
[    4.966814] sd 2:0:0:0: [sda] Assuming drive cache: write through
[    4.982269]  sda: sda1
[    4.999418] sd 2:0:1:0: [sdb] Attached SCSI disk
[    5.000392] sd 2:0:0:0: [sda] Attached SCSI disk
[    5.234942] e1000 0000:00:08.0 eth1: (PCI:33MHz:32-bit) 08:00:27:ac:16:b8
[    5.238678] e1000 0000:00:08.0 eth1: Intel(R) PRO/1000 Network Connection
[    5.245252] e1000 0000:00:08.0 enp0s8: renamed from eth1
[    5.260434] e1000 0000:00:03.0 enp0s3: renamed from eth0
Begin: Loading essential drivers ... [    6.546908] md: linear personality registered for level -1
[    6.555155] md: multipath personality registered for level -4
[    6.558116] md: raid0 personality registered for level 0
[    6.561932] md: raid1 personality registered for level 1
[    6.632164] raid6: sse2x1   gen() 12047 MB/s
[    6.704159] raid6: sse2x1   xor()  8939 MB/s
[    6.780133] raid6: sse2x2   gen() 14863 MB/s
[    6.916165] raid6: sse2x2   xor()  9997 MB/s
[    6.988162] raid6: sse2x4   gen() 16871 MB/s
[    7.064165] raid6: sse2x4   xor() 11319 MB/s
[    7.132159] raid6: avx2x1   gen() 24095 MB/s
[    7.200130] raid6: avx2x2   gen() 26763 MB/s
[    7.268122] raid6: avx2x4   gen() 30414 MB/s
[    7.272928] raid6: using algorithm avx2x4 gen() 30414 MB/s
[    7.273794] raid6: using avx2x2 recovery algorithm
[    7.276048] xor: automatically using best checksumming function:
[    7.320237]    avx       : 23525.000 MB/sec
[    7.326387] async_tx: api initialized (async)
[    7.362059] md: raid6 personality registered for level 6
[    7.362914] md: raid5 personality registered for level 5
[    7.363782] md: raid4 personality registered for level 4
[    7.369329] md: raid10 personality registered for level 10
done.
Begin: Running /scripts/init-premount ... done.
Begin: Mounting root file system ... Begin: Running /scripts/local-top ... done.
Begin: Running /scripts/local-premount ... [    7.395351] Btrfs loaded
Scanning for Btrfs filesystems
done.
Warning: fsck not present, so skipping root file system
[    7.586208] EXT4-fs (sda1): mounted filesystem with ordered data mode. Opts: (null)
done.
Begin: Running /scripts/local-bottom ... done.
Begin: Running /scripts/init-bottom ... done.
[    8.117696] systemd[1]: systemd 229 running in system mode. (+PAM +AUDIT +SELINUX +IMA +APPARMOR +SMACK +SYSVINIT +UTMP +LIBCRYPTSETUP +GCRYPT +GNUTLS +ACL +XZ -LZ4 +SECCOMP +BLKID +ELFUTILS +KMOD -IDN)
[    8.228519] systemd[1]: Detected virtualization oracle.
[    8.229287] systemd[1]: Detected architecture x86-64.

Welcome to [1mUbuntu 16.04.6 LTS[0m!

[    8.265711] systemd[1]: Set hostname to <ubuntu>.
[    8.286458] systemd[1]: Initializing machine ID from random generator.
[    8.337317] systemd[1]: Installed transient /etc/machine-id file.
[    8.460527] random: nonblocking pool is initialized
[    9.258643] systemd[1]: Listening on Device-mapper event daemon FIFOs.
[[0;32m  OK  [0m] Listening on Device-mapper event daemon FIFOs.
[    9.260776] systemd[1]: Set up automount Arbitrary Executable File Formats File System Automount Point.
[[0;32m  OK  [0m] Set up automount Arbitrary Executab...ats File System Automount Point.
[    9.268499] systemd[1]: Started Forward Password Requests to Wall Directory Watch.
[[0;32m  OK  [0m] Started Forward Password Requests to Wall Directory Watch.
[    9.272749] systemd11]: Reached target System Time Synchronized.
[[0;32m  OK  [0m] Reached target System Time Synchronized.
[    9.308324] systemd[1]: Listening on /dev/initctl Compatibility Named Pipe.
[[0;32m  OK  [0m] Listening on /dev/initctl Compatibility Named Pipe.
[    9.310180] systemd[1]: Listening on Journal Socket (/dev/log).
[[0;32m  OK  [0m] Listening on Journal Socket (/dev/log).
[    9.312062] systemd[1]: Created slice System Slice.
[[0;32m  OK  [0m] Created slice System Slice.
[    9.313566] systemd[1]: Listening on LVM2 metadata daemon socket.
[[0;32m  OK  [0m] Listening on LVM2 metadata daemon socket.
[    9.315260] systemd[1]: Started Trigger resolvconf update for networkd DNS.
[[0;32m  OK  [0m] Started Trigger resolvconf update for networkd DNS.
[    9.317123] systemd[1]: Reached target User and Group Name Lookups.
[[0;32m  OK  [0m] Reached target User and Group Name Lookups.
[    9.318817] systemd[1]: Reached target Encrypted Volumes.
[[0;32m  OK  [0m] Reached target Encrypted Volumes.
[    9.330380] systemd[1]: Created slice system-serial\x2dgetty.slice.
[[0;32m  OK  [0m] Created slice system-serial\x2dgetty.slice.
[    9.332150] systemd[1]: Listening on udev Control Socket.
[[0;32m  OK  [0m] Listening on udev Control Socket.
[    9.333705] systemd[1]: Reached target Swap.
[[0;32m  OK  [0m] Reached target Swap.
[    9.335031] systemd[1]: Listening on LVM2 poll daemon socket.
[[0;32m  OK  [0m] Listening on LVM2 poll daemon socket.
[    9.408172] systemd[1]: Listening on Syslog Socket.
[[0;32m  OK  [0m] Listening on Syslog Socket.
[    9.409630] systemd[1]: Listening on udev Kernel Socket.
[[0;32m  OK  [0m] Listening on udev Kernel Socket.
[    9.411144] systemd[1]: Listening on Journal Socket.
[[0;32m  OK  [0m] Listening on Journal Socket.
[    9.444578] systemd[1]: Starting Load Kernel Modules...
         Starting Load Kernel Modules...
[    9.508413] systemd[1]: Mounting Debug File System...
         Mounting Debug File System...
[    9.548634] systemd[1]: Starting Set console keymap...
         Starting Set console keymap...
[    9.564073] systemd[1]: Mounting POSIX Message Queue File System...
         Mounting POSIX Message Queue File System...
[    9.573021] systemd[1]: Starting Remount Root and Kernel File Systems...
         Starting Remount Root and Kernel File Systems...
[    9.579478] systemd[1]: Starting Uncomplicated firewall...
         Starting Uncomplicated firewall...
[    9.583871] systemd[1]: Starting Create list of required static device nodes for the current kernel...
         Starting Create list of required st... nodes for the current kernel...
[    9.588133] systemd[1]: Listening on Journal Audit Socket.
[[0;32m  OK  [0m] Listening on Journal Audit Socket.
[    9.591044] systemd[1]: Starting Nameserver information manager...
         Starting Nameserver information manager...
[    9.594381] systemd[1]: Starting Journal Service...
         Starting Journal Service...
[    9.596547] systemd[1]: Created slice User and Session Slice.
[[0;32m  OK  [0m] Created slice User and Session Slice.
[    9.598464] systemd[1]: Reached target Slices.
[[0;32m  OK  [0m] Reached target Slices.
[    9.601183] systemd[1]: Starting Monitoring of LVM2 mirrors, snapshots etc. using dmeventd or progress polling...
         Starting Monitoring of LVM2 mirrors... dmeventd or progress polling...
[    9.610318] systemd[1]: Mounting Huge Pages File System...
         Mounting Huge Pages File System...
[    9.695807] EXT4-fs (sda1): re-mounted. Opts: (null)
[    9.731186] systemd[1]: Mounted Debug File System.
[[0;32m  OK  [0m] Mounted Debug File System.
[    9.739647] systemd[1]: Mounted Huge Pages File System.
[[0;32m  OK  [0m] Mounted Huge Pages File System.
[    9.745895] systemd[1]: Mounted POSIX Message Queue File System.
[[0;32m  OK  [0m] Mounted POSIX Message Queue File System.
[    9.754503] systemd[1]: Started Remount Root and Kernel File Systems.
[[0;32m  OK  [0m] Started Remount Root and Kernel File Systems.
[    9.789590] systemd[1]: Started Uncomplicated firewall.
[[0;32m  OK  [0m] Started Uncomplicated firewall.
[    9.876821] Loading iSCSI transport class v2.0-870.
[    9.965500] iscsi: registered transport (tcp)
[    9.996721] systemd[1]: Starting udev Coldplug all Devices...
         Starting udev Coldplug all Devices...
[   10.015835] systemd[1]: Starting Load/Save Random Seed...
         Starting Load/Save Random Seed...
[   10.026357] systemd[1]: Started Create list of required static device nodes for the current kernel.
[[0;32m  OK  [0m] Started Create list of required sta...ce nodes for the current kernel.
[   10.055855] systemd[1]: Started Set console keymap.
[[0;32m  OK  [0m] Started Set console keymap.
[   10.068841] systemd[1]: Started Nameserver information manager.
[[0;32m  OK  [0m] Started Nameserver information manager.
[   10.128548] systemd[1]: Starting Create Static Device Nodes in /dev...
         Starting Create Static Device Nodes in /dev...
[   10.216542] systemd[1]: Started Load/Save Random Seed.
[[0;32m  OK  [0m] Started Load/Save Random Seed.
[   10.230617] systemd[1]: Started Journal Service.
[[0;32m  OK  [0m] Started Journal Service.
[[0;32m  OK  [0m] Started LVM2 metadata daemon.
         Starting Flush Journal to Persistent Storage...
[[0;32m  OK  [0m] Started udev Coldplug all Devices.
[   10.315046] iscsi: registered transport (iser)
[[0;32m  OK  [0m] Started Load Kernel Modules.
         Mounting FUSE Control File System...
         Starting Apply Kernel Variables...
[[0;32m  OK  [0m] Mounted FUSE Control File System.
[   10.395445] systemd-journald[385]: Received request to flush runtime journal from PID 1
[[0;32m  OK  [0m] Started Flush Journal to Persistent Storage.
[[0;32m  OK  [0m] Started Apply Kernel Variables.
[[0;32m  OK  [0m] Started Create Static Device Nodes in /dev.
         Starting udev Kernel Device Manager...
[[0;32m  OK  [0m] Started udev Kernel Device Manager.
[[0;32m  OK  [0m] Started Dispatch Password Requests to Console Directory Watch.
[[0;32m  OK  [0m] Started Monitoring of LVM2 mirrors,...ng dmeventd or progress polling.
[[0;32m  OK  [0m] Reached target Local File Systems (Pre).
[[0;32m  OK  [0m] Reached target Local File Systems.
         Starting Create Volatile Files and Directories...
         Starting Set console font and keymap...
         Starting Tell Plymouth To Write Out Runtime Data...
         Starting LSB: AppArmor initialization...
         Starting Initial cloud-init job (pre-networking)...
         Starting Commit a transient machine-id on disk...
[[0;32m  OK  [0m] Started Tell Plymouth To Write Out Runtime Data.
[[0;32m  OK  [0m] Started Create Volatile Files and Directories.
         Starting Update UTMP about System Boot/Shutdown...
[[0;32m  OK  [0m] Started Commit a transient machine-id on disk.
[[0;32m  OK  [0m] Started Update UTMP about System Boot/Shutdown.
[[0;32m  OK  [0m] Found device /dev/ttyS0.
[[0;32m  OK  [0m] Listening on Load/Save RF Kill Switch Status /dev/rfkill Watch.
[[0;32m  OK  [0m] Started LSB: AppArmor initialization.
[[0;32m  OK  [0m] Started Set console font and keymap.
[[0;32m  OK  [0m] Created slice system-getty.slice.
[   15.148190] cloud-init[487]: Cloud-init v. 18.5-21-g8ee294d5-0ubuntu1~16.04.1 running 'init-local' at Wed, 15 May 2019 12:42:01 +0000. Up 14.51 seconds.
[[0;32m  OK  [0m] Started Initial cloud-init job (pre-networking).
[[0;32m  OK  [0m] Reached target Network (Pre).
         Starting Raise network interfaces...
[[0;32m  OK  [0m] Started Raise network interfaces.
         Starting Initial cloud-init job (metadata service crawler)...
[[0;32m  OK  [0m] Reached target Network.
[   17.133306] cloud-init[954]: Cloud-init v. 18.5-21-g8ee294d5-0ubuntu1~16.04.1 running 'init' at Wed, 15 May 2019 12:42:02 +0000. Up 15.72 seconds.
[   17.176310] cloud-init[954]: ci-info: ++++++++++++++++++++++++++++++++++++++Net device info+++++++++++++++++++++++++++++++++++++++
[   17.176545] cloud-init[954]: ci-info: +--------+-------+----------------------------+---------------+--------+-------------------+
[   17.176673] cloud-init[954]: ci-info: | Device |   Up  |          Address           |      Mask     | Scope  |     Hw-Address    |
[   17.176795] cloud-init[954]: ci-info: +--------+-------+----------------------------+---------------+--------+-------------------+
[   17.176925] cloud-init[954]: ci-info: | enp0s3 |  True |         10.0.2.15          | 255.255.255.0 | global | 02:23:9c:1d:6d:2d |
[   17.177051] cloud-init[954]: ci-info: | enp0s3 |  True | fe80::23:9cff:fe1d:6d2d/64 |       .       |  link  | 02:23:9c:1d:6d:2d |
[   17.177181] cloud-init[954]: ci-info: | enp0s8 | False |             .              |       .       |   .    | 08:00:27:ac:16:b8 |
[   17.177301] cloud-init[954]: ci-info: |   lo   |  True |         127.0.0.1          |   255.0.0.0   |  host  |         .         |
[   17.177430] cloud-init[954]: ci-info: |   lo   |  True |          ::1/128           |       .       |  host  |         .         |
[[0;32m  OK  [0m] Started Initial cloud-init job (metadata service crawler).
[   17.177555] cloud-init[954]: ci-info: +--------+-------+----------------------------+---------------+--------+-------------------+
[   17.261458] cloud-init[954]: ci-info: +++++++++++++++++++++++++++Route IPv4 info++++++++++++++++++++++++++++
[   17.281763] cloud-init[954]: ci-info: +-------+-------------+----------+---------------+-----------+-------+
[   17.281990] cloud-init[954]: ci-info: | Route | Destination | Gateway  |    Genmask    | Interface | Flags |
[   17.282096] cloud-init[954]: ci-info: +-------+-------------+----------+---------------+-----------+-------+
[   17.282195] cloud-init[954]: ci-info: |   0   |   0.0.0.0   | 10.0.2.2 |    0.0.0.0    |   enp0s3  |   UG  |
[   17.282308] cloud-init[954]: ci-info: |   1   |   10.0.2.0  | 0.0.0.0  | 255.255.255.0 |   enp0s3  |   U   |
[   17.282410] cloud-init[954]: ci-info: +-------+-------------+----------+---------------+-----------+-------+
[   17.282511] cloud-init[954]: ci-info: +++++++++++++++++++Route IPv6 info+++++++++++++++++++
[   17.282744] cloud-init[954]: ci-info: +-------+-------------+---------+-----------+-------+
[   17.282849] cloud-init[954]: ci-info: | Route | Destination | Gateway | Interface | Flags |
[   17.282948] cloud-init[954]: ci-info: +-------+-------------+---------+-----------+-------+
[   17.283050] cloud-init[954]: ci-info: |   0   |  fe80::/64  |    ::   |   enp0s3  |   U   |
[   17.283171] cloud-init[954]: ci-info: |   3   |   ff00::/8  |    ::   |   enp0s3  |   U   |
[   17.283257] cloud-init[954]: ci-info: +-------+-------------+---------+-----------+-------+
[   17.283358] cloud-init[954]: Generating public/private rsa key pair.
[   17.283471] cloud-init[954]: Your identification has been saved in /etc/ssh/ssh_host_rsa_key.
[   17.283572] cloud-init[954]: Your public key has been saved in /etc/ssh/ssh_host_rsa_key.pub.
[   17.283676] cloud-init[954]: The key fingerprint is:
[   17.283778] cloud-init[954]: SHA256:BEIvhlV06ioaGyF22Bd9JKs5S+yc3+hySflj5ePVLzY root@ubuntu-xenial
[   17.283880] cloud-init[954]: The key's randomart image is:
[   17.283984] cloud-init[954]: +---[RSA 2048]----+
[   17.284196] cloud-init[954]: |   .+o+...       |
[   17.284299] cloud-init[954]: |   o o.++        |
[   17.284400] cloud-init[954]: |  . o.oo..       |
[   17.284509] cloud-init[954]: |  o..o+..        |
[   17.284615] cloud-init[954]: |oo o B. S        |
[   17.284715] cloud-init[954]: |o.. =.+o   .  .  |
[   17.284817] cloud-init[954]: |o . .=. o o  . . |
[   17.284922] cloud-init[954]: | = . ..oo+ o. E .|
[   17.285024] cloud-init[954]: |o     ++..o... o.|
[   17.285128] cloud-init[954]: +----[SHA256]-----+
[   17.285230] cloud-init[954]: Generating public/private dsa key pair.
[   17.285334] cloud-init[954]: Your identification has been saved in /etc/ssh/ssh_host_dsa_key.
[   17.285440] cloud-init[954]: Your public key has been saved in /etc/ssh/ssh_host_dsa_key.pub.
[   17.285548] cloud-init[954]: The key fingerprint is:
[[0;32m  OK  [0m] Reached target Network is Online.
[   17.285669] cloud-init[954]: SHA256:sZQuiLzGoVCw1MBOg1D0ei/ivSEB0OSUSJeu2/FhKBI root@ubuntu-xenial
[   17.418610] cloud-init[954]: The key's randomart image is:
[   17.421771] cloud-init[954]: +---[DSA 1024]----+
[   17.422023] cloud-init[954]: |OXBo.            |
[   17.422131] cloud-init[954]: |=O++     .       |
[   17.422234] cloud-init[954]: |= = .   +        |
[   17.422336] cloud-init[954]: |E= + . o o       |
[   17.422438] cloud-init[954]: |..B + . S        |
[   17.422549] cloud-init[954]: |o= B + .         |
[   17.422761] cloud-init[954]: |o X * o          |
[   17.422869] cloud-init[954]: | + = +           |
[   17.422966] cloud-init[954]: |  . o.           |
[   17.423068] cloud-init[954]: +----[SHA256]-----+
[   17.423172] cloud-init[954]: Generating public/private ecdsa key pair.
[   17.423273] cloud-init[954]: Your identification has been saved in /etc/ssh/ssh_host_ecdsa_key.
[   17.423377] cloud-init[954]: Your public key has been saved in /etc/ssh/ssh_host_ecdsa_key.pub.
[   17.423482] cloud-init[954]: The key fingerprint is:
[   17.423584] cloud-init[954]: SHA256:hjQ49nZoaG/dfW9JDqxAJqg9uFpPT4fip8QGezELKMs root@ubuntu-xenial
[   17.423692] cloud-init[954]: The key's randomart image is:
[   17.423794] cloud-init[954]: +---[ECDSA 256]---+
[   17.423939] cloud-init[954]: |                 |
[   17.424186] cloud-init[954]: |     .           |
[   17.424317] cloud-init[954]: |    + +          |
[   17.424450] cloud-init[954]: |  .. * = o       |
         Starting iSCSI initiator daemon (iscsid)...
[   17.424561] cloud-init[954]: |.. o*o* S   .    |
[   17.453197] cloud-init[954]: |o. +=*++.o . o . |
[   17.456189] [[0;32m  OK  [0m] Reached target Cloud-config availability.
[[0;32m  OK  [0m] Reached target System Initialization.
         Starting Socket activation for snappy daemon.
cloud-init[954]: |.E o.O+o..o o = .|
[   17.463869] [[0;32m  OK  [0m] Listening on UUID daemon activation socket.
cloud-init[954]: |  ..B.+..  . . +.|
[   17.465435] cloud-init[954]: | ..  +o.       ..|
[   17.474311] cloud-init[954]: +----[SHA256]-----+
[   17.475255] cloud-init[954]: Generating public/private ed25519 key pair.
[   17.476341] cloud-init[954]: Your identification has been saved in /etc/ssh/ssh_host_ed25519_key.
[   17.477575] cloud-init[954]: Your public key has been saved in /etc/ssh/ssh_host_ed25519_key.pub.
[   17.478890] cloud-init[954]: The key fingerprint is:
         Starting LXD - unix socket.
[   17.487993] cloud-init[954]: SHA256:ioFwZOfT+GOapKB+NPrdtSevpu9XPA2ZFBZD3FHMeXk root@ubuntu-xenial
[   17.500260] [[0;32m  OK  [0m] Started ACPI Events Check.
[[0;32m  OK  [0m] Reached target Paths.
[[0;32m  OK  [0m] Started Daily apt download activities.
[[0;32m  OK  [0m] Started Daily apt upgrade and clean activities.
[[0;32m  OK  [0m] Started Daily Cleanup of Temporary Directories.
cloud-init[954]: The key's randomart image is:
[   17.512340] [[0;32m  OK  [0m] Reached target Timers.
[[0;32m  OK  [0m] Listening on D-Bus System Message Bus Socket.
cloud-init[954]: +--[ED25519 256]--+
[   17.516998] [[0;32m  OK  [0m] Listening on ACPID Listen Socket.
cloud-init[954]: |  o .       o*++*|
[   17.518645] cloud-init[954]: | o o o      .o.+E|
[[0;32m  OK  [0m] Listening on Socket activation for snappy daemon.
[[0;32m  OK  [0m] Listening on LXD - unix socket.
[   17.536793] cloud-init[954]: |. . + .     . o o|
[   17.549902] [[0;32m  OK  [0m] Started iSCSI initiator daemon (iscsid).
cloud-init[954]: | o . o       +   |
[   17.551571] cloud-init[954]: |. . o + S   . o  |
[   17.570857]          Starting Login to default iSCSI targets...
[[0;32m  OK  [0m] Reached target Sockets.
cloud-init[954]: |.. = * o     + . |
[   17.589618] [[0;32m  OK  [0m] Reached target Basic System.
cloud-init[954]: |. + = .  .  . .  |
[   17.591126] cloud-init[954]: |.. .. . .o.o     |
[   17.592102] cloud-init[954]: | .o. . o==*.     |
[   17.593025] cloud-init[954]: +----[SHA256]-----+
[[0;32m  OK  [0m] Started FUSE filesystem for LXC.
[[0;32m  OK  [0m] Started Deferred execution scheduler.
         Starting LSB: MD monitoring daemon...
         Starting System Logging Service...
[[0;32m  OK  [0m] Started Unattended Upgrades Shutdown.
[[0;32m  OK  [0m] Started Regular background program processing daemon.
[[0;32m  OK  [0m] Started D-Bus System Message Bus.
         Starting /etc/rc.local Compatibility...
         Starting LSB: Record successful boot for GRUB...
[[0;32m  OK  [0m] Started ACPI event daemon.
         Starting Accounts Service...
         Starting Login Service...
         Starting Virtualbox guest utils...
         Starting LXD - container startup/shutdown...
         Starting Pollinate to seed the pseudo random number generator...
         Starting Snappy daemon...
[[0;32m  OK  [0m] Started System Logging Service.
[[0;32m  OK  [0m] Started /etc/rc.local Compatibility.
[[0;32m  OK  [0m] Started Login Service.
[[0;32m  OK  [0m] Started Login to default iSCSI targets.
[[0;32m  OK  [0m] Reached target Remote File Systems (Pre).
[[0;32m  OK  [0m] Reached target Remote File Systems.
         Starting LSB: daemon to balance interrupts for SMP systems...
         Starting LSB: automatic crash report generation...
         Starting Permit User Sessions...
         Starting LSB: Set the CPU Frequency Scaling governor to "ondemand"...
[[0;32m  OK  [0m] Started LSB: Set the CPU Frequency Scaling governor to "ondemand".
[[0;32m  OK  [0m] Started Permit User Sessions.
         Starting Hold until boot process finishes up...
         Starting Terminate Plymouth Boot Screen...
[[0;32m  OK  [0m] Started LSB: MD monitoring daemon.
[[0;32m  OK  [0m] Started LSB: Record successful boot for GRUB.
[[0;32m  OK  [0m] Started LSB: daemon to balance interrupts for SMP systems.
[[0;32m  OK  [0m] Started Hold until boot process finishes up.
[[0;32m  OK  [0m] Started Terminate Plymouth Boot Screen.
[[0;32m  OK  [0m] Started Getty on tty1.
         Starting Set console scheme...
[[0;32m  OK  [0m] Started Serial Getty on ttyS0.
[[0;32m  OK  [0m] Reached target Login Prompts.
[[0;32m  OK  [0m] Started LSB: automatic crash report generation.
[[0;32m  OK  [0m] Started Set console scheme.
[[0;32m  OK  [0m] Started Virtualbox guest utils.
         Starting Authenticate and Authorize Users to Run Privileged Tasks...
[[0;32m  OK  [0m] Started Authenticate and Authorize Users to Run Privileged Tasks.
[[0;32m  OK  [0m] Started Accounts Service.
[[0;32m  OK  [0m] Started LXD - container startup/shutdown.
[[0;32m  OK  [0m] Started Pollinate to seed the pseudo random number generator.
         Starting OpenBSD Secure Shell server...
[[0;32m  OK  [0m] Started Snappy daemon.
         Starting Wait until snapd is fully seeded...
[[0;32m  OK  [0m] Started OpenBSD Secure Shell server.
[[0;32m  OK  [0m] Created slice User Slice of vagrant.
         Starting User Manager for UID 1000...
[[0;32m  OK  [0m] Started Session 1 of user vagrant.
[[0;32m  OK  [0m] Started User Manager for UID 1000.
[   25.192490] cloud-init[1392]: Generating locales (this might take a while)...

Ubuntu 16.04.6 LTS ubuntu-xenial ttyS0

ubuntu-xenial login: [   26.023789] cloud-init[1392]:   en_US.UTF-8... done
[   26.024989] cloud-init[1392]: Generation complete.
[   26.826510] cloud-init[1392]: Cloud-init v. 18.5-21-g8ee294d5-0ubuntu1~16.04.1 running 'modules:config' at Wed, 15 May 2019 12:42:11 +0000. Up 24.90 seconds.
ci-info: no authorized ssh keys fingerprints found for user ubuntu.
<14>May 15 12:42:14 ec2: 
<14>May 15 12:42:14 ec2: #############################################################
<14>May 15 12:42:14 ec2: -----BEGIN SSH HOST KEY FINGERPRINTS-----
<14>May 15 12:42:14 ec2: 1024 SHA256:sZQuiLzGoVCw1MBOg1D0ei/ivSEB0OSUSJeu2/FhKBI root@ubuntu-xenial (DSA)
<14>May 15 12:42:14 ec2: 256 SHA256:hjQ49nZoaG/dfW9JDqxAJqg9uFpPT4fip8QGezELKMs root@ubuntu-xenial (ECDSA)
<14>May 15 12:42:14 ec2: 256 SHA256:ioFwZOfT+GOapKB+NPrdtSevpu9XPA2ZFBZD3FHMeXk root@ubuntu-xenial (ED25519)
<14>May 15 12:42:14 ec2: 2048 SHA256:BEIvhlV06ioaGyF22Bd9JKs5S+yc3+hySflj5ePVLzY root@ubuntu-xenial (RSA)
<14>May 15 12:42:14 ec2: -----END SSH HOST KEY FINGERPRINTS-----
<14>May 15 12:42:14 ec2: #############################################################
-----BEGIN SSH HOST KEY KEYS-----
ecdsa-sha2-nistp256 AAAAE2VjZHNhLXNoYTItbmlzdHAyNTYAAAAIbmlzdHAyNTYAAABBBHWlF0WdOsxdMrccQkuJXWoBjVs8WMxnUsi26I+JiNKYa5ELawwRHfK823VpaFKs3RJQ+CxnLzVULValxwdLU6s= root@ubuntu-xenial
ssh-ed25519 AAAAC3NzaC1lZDI1NTE5AAAAIHZQ3gBu0pvUnqRfNCiCLKWPycsm4oyi1bykLoq+VeUP root@ubuntu-xenial
ssh-rsa AAAAB3NzaC1yc2EAAAADAQABAAABAQDIP98noR2s3vzPPbwu4WFsxhGTmsYtc+6KvQVnpfXKJi+8EYq47gAWRjvdQC4HKgVG2/RlIATUrMrPm7k+aaV3dCoXsaMtGgCKS80eqBlx6E3hYbS2/4ONzzgBs+err914VdFyT3g+LdTBZKTtphn5s9YSa9bMUpVF33SSfyOITp4SWO7mtYfGi9Gm2SBcEpcXFa92RMILysQcg37X3jiQlOjM7GCZDjG+zwPcP5rBl4fjkKUW8+5aTVhbsCgrQZlw/hVauBgDSbtqYB4rKBbfFnw2IFs9KkJR7iByPygmf+NC+ZhMHejgiK3M+SohEUyjH/rf+CPL8x8DHh+He0Ed root@ubuntu-xenial
-----END SSH HOST KEY KEYS-----
[   27.219789] cloud-init[1567]: Cloud-init v. 18.5-21-g8ee294d5-0ubuntu1~16.04.1 running 'modules:final' at Wed, 15 May 2019 12:42:14 +0000. Up 27.10 seconds.
[   27.219946] cloud-init[1567]: ci-info: no authorized ssh keys fingerprints found for user ubuntu.
[   27.220029] cloud-init[1567]: Cloud-init v. 18.5-21-g8ee294d5-0ubuntu1~16.04.1 finished at Wed, 15 May 2019 12:42:14 +0000. Datasource DataSourceNoCloud [seed=/dev/sdb][dsmode=[ 7247.494433] e1000 0000:00:03.0 enp0s3: Detected Tx Unit Hang
[ 7247.494433]   Tx Queue             <0>
[ 7247.494433]   TDH                  <c5>
[ 7247.494433]   TDT                  <c7>
[ 7247.494433]   next_to_use          <c7>
[ 7247.494433]   next_to_clean        <c5>
[ 7247.494433] buffer_info[next_to_clean]
[ 7247.494433]   time_stamp           <1001a7e8d>
[ 7247.494433]   next_to_watch        <c6>
[ 7247.494433]   jiffies              <1001a815b>
[ 7247.494433]   next_to_watch.status <0>
[ 7249.590735] e1000 0000:00:03.0 enp0s3: Detected Tx Unit Hang
[ 7249.590735]   Tx Queue             <0>
[ 7249.590735]   TDH                  <c5>
[ 7249.590735]   TDT                  <c7>
[ 7249.590735]   next_to_use          <c7>
[ 7249.590735]   next_to_clean        <c5>
[ 7249.590735] buffer_info[next_to_clean]
[ 7249.590735]   time_stamp           <1001a7e8d>
[ 7249.590735]   next_to_watch        <c6>
[ 7249.590735]   jiffies              <1001a8367>
[ 7249.590735]   next_to_watch.status <0>
[ 7251.710647] e1000 0000:00:03.0 enp0s3: Detected Tx Unit Hang
[ 7251.710647]   Tx Queue             <0>
[ 7251.710647]   TDH                  <c5>
[ 7251.710647]   TDT                  <c7>
[ 7251.710647]   next_to_use          <c7>
[ 7251.710647]   next_to_clean        <c5>
[ 7251.710647] buffer_info[next_to_clean]
[ 7251.710647]   time_stamp           <1001a7e8d>
[ 7251.710647]   next_to_watch        <c6>
[ 7251.710647]   jiffies              <1001a8579>
[ 7251.710647]   next_to_watch.status <0>
[ 7253.098281] e1000 0000:00:03.0 enp0s3: Reset adapter
